2014-11-22 15:55:20,836 [Worker-7] INFO  o.e.m.c.i.l.LifecycleMappingFactory - Using org.eclipse.m2e.jdt.JarLifecycleMapping lifecycle mapping for MavenProject: com.UndefinedParameter.app:QuizZing:1.0-SNAPSHOT @ C:\Users\god_laptop\Documents\UndefinedParameter\QuizZing\pom.xml.
2014-11-22 15:55:32,438 [Worker-7] WARN  o.e.m.c.i.embedder.EclipseLogger - Using platform encoding (Cp1252 actually) to copy filtered resources, i.e. build is platform dependent!
2014-11-22 15:55:32,465 [Worker-7] INFO  o.e.m.c.i.embedder.EclipseLogger - Copying 5 resources
2014-11-22 15:55:32,514 [Worker-7] WARN  o.e.m.c.i.embedder.EclipseLogger - Using platform encoding (Cp1252 actually) to copy filtered resources, i.e. build is platform dependent!
2014-11-22 15:55:32,515 [Worker-7] INFO  o.e.m.c.i.embedder.EclipseLogger - skip non existing resourceDirectory C:\Users\god_laptop\Documents\UndefinedParameter\QuizZing\src\test\resources
2014-11-22 15:55:39,550 [Worker-2] WARN  o.e.m.c.i.embedder.EclipseLogger - Using platform encoding (Cp1252 actually) to copy filtered resources, i.e. build is platform dependent!
2014-11-22 15:55:39,599 [Worker-2] INFO  o.e.m.c.i.embedder.EclipseLogger - Copying 5 resources
2014-11-22 15:55:39,630 [Worker-2] WARN  o.e.m.c.i.embedder.EclipseLogger - Using platform encoding (Cp1252 actually) to copy filtered resources, i.e. build is platform dependent!
2014-11-22 15:55:39,632 [Worker-2] INFO  o.e.m.c.i.embedder.EclipseLogger - skip non existing resourceDirectory C:\Users\god_laptop\Documents\UndefinedParameter\QuizZing\src\test\resources
2014-11-22 15:55:40,791 [Worker-0] WARN  o.e.m.c.i.embedder.EclipseLogger - Using platform encoding (Cp1252 actually) to copy filtered resources, i.e. build is platform dependent!
2014-11-22 15:55:40,801 [Worker-0] INFO  o.e.m.c.i.embedder.EclipseLogger - Copying 5 resources
2014-11-22 15:55:40,807 [Worker-0] WARN  o.e.m.c.i.embedder.EclipseLogger - Using platform encoding (Cp1252 actually) to copy filtered resources, i.e. build is platform dependent!
2014-11-22 15:55:40,808 [Worker-0] INFO  o.e.m.c.i.embedder.EclipseLogger - skip non existing resourceDirectory C:\Users\god_laptop\Documents\UndefinedParameter\QuizZing\src\test\resources
2014-11-22 15:56:06,445 [Worker-5] WARN  o.e.m.c.i.embedder.EclipseLogger - Using platform encoding (Cp1252 actually) to copy filtered resources, i.e. build is platform dependent!
2014-11-22 15:56:06,447 [Worker-5] INFO  o.e.m.c.i.embedder.EclipseLogger - Copying 0 resource
2014-11-22 15:56:06,451 [Worker-5] WARN  o.e.m.c.i.embedder.EclipseLogger - Using platform encoding (Cp1252 actually) to copy filtered resources, i.e. build is platform dependent!
2014-11-22 15:56:06,452 [Worker-5] INFO  o.e.m.c.i.embedder.EclipseLogger - skip non existing resourceDirectory C:\Users\god_laptop\Documents\UndefinedParameter\QuizZing\src\test\resources
2014-11-22 16:03:07,096 [Worker-1] WARN  o.e.m.c.i.embedder.EclipseLogger - Using platform encoding (Cp1252 actually) to copy filtered resources, i.e. build is platform dependent!
2014-11-22 16:03:07,104 [Worker-1] INFO  o.e.m.c.i.embedder.EclipseLogger - Copying 6 resources
2014-11-22 16:03:07,159 [Worker-1] WARN  o.e.m.c.i.embedder.EclipseLogger - Using platform encoding (Cp1252 actually) to copy filtered resources, i.e. build is platform dependent!
2014-11-22 16:03:07,160 [Worker-1] INFO  o.e.m.c.i.embedder.EclipseLogger - skip non existing resourceDirectory C:\Users\god_laptop\Documents\UndefinedParameter\QuizZing\src\test\resources
2014-11-22 16:07:22,290 [Worker-7] WARN  o.e.m.c.i.embedder.EclipseLogger - Using platform encoding (Cp1252 actually) to copy filtered resources, i.e. build is platform dependent!
2014-11-22 16:07:22,293 [Worker-7] INFO  o.e.m.c.i.embedder.EclipseLogger - Copying 1 resource
2014-11-22 16:07:22,301 [Worker-7] WARN  o.e.m.c.i.embedder.EclipseLogger - Using platform encoding (Cp1252 actually) to copy filtered resources, i.e. build is platform dependent!
2014-11-22 16:07:22,303 [Worker-7] INFO  o.e.m.c.i.embedder.EclipseLogger - skip non existing resourceDirectory C:\Users\god_laptop\Documents\UndefinedParameter\QuizZing\src\test\resources
2014-11-22 16:08:01,505 [Worker-3] WARN  o.e.m.c.i.embedder.EclipseLogger - Using platform encoding (Cp1252 actually) to copy filtered resources, i.e. build is platform dependent!
2014-11-22 16:08:01,508 [Worker-3] INFO  o.e.m.c.i.embedder.EclipseLogger - Copying 0 resource
2014-11-22 16:08:01,514 [Worker-3] WARN  o.e.m.c.i.embedder.EclipseLogger - Using platform encoding (Cp1252 actually) to copy filtered resources, i.e. build is platform dependent!
2014-11-22 16:08:01,515 [Worker-3] INFO  o.e.m.c.i.embedder.EclipseLogger - skip non existing resourceDirectory C:\Users\god_laptop\Documents\UndefinedParameter\QuizZing\src\test\resources
2014-11-22 16:08:34,474 [Worker-10] WARN  o.e.m.c.i.embedder.EclipseLogger - Using platform encoding (Cp1252 actually) to copy filtered resources, i.e. build is platform dependent!
2014-11-22 16:08:34,477 [Worker-10] INFO  o.e.m.c.i.embedder.EclipseLogger - Copying 1 resource
2014-11-22 16:08:34,485 [Worker-10] WARN  o.e.m.c.i.embedder.EclipseLogger - Using platform encoding (Cp1252 actually) to copy filtered resources, i.e. build is platform dependent!
2014-11-22 16:08:34,487 [Worker-10] INFO  o.e.m.c.i.embedder.EclipseLogger - skip non existing resourceDirectory C:\Users\god_laptop\Documents\UndefinedParameter\QuizZing\src\test\resources
2014-11-22 16:09:06,614 [Worker-7] WARN  o.e.m.c.i.embedder.EclipseLogger - Using platform encoding (Cp1252 actually) to copy filtered resources, i.e. build is platform dependent!
2014-11-22 16:09:06,617 [Worker-7] INFO  o.e.m.c.i.embedder.EclipseLogger - Copying 1 resource
2014-11-22 16:09:06,625 [Worker-7] WARN  o.e.m.c.i.embedder.EclipseLogger - Using platform encoding (Cp1252 actually) to copy filtered resources, i.e. build is platform dependent!
2014-11-22 16:09:06,626 [Worker-7] INFO  o.e.m.c.i.embedder.EclipseLogger - skip non existing resourceDirectory C:\Users\god_laptop\Documents\UndefinedParameter\QuizZing\src\test\resources
2014-11-22 16:09:16,534 [Worker-6] WARN  o.e.m.c.i.embedder.EclipseLogger - Using platform encoding (Cp1252 actually) to copy filtered resources, i.e. build is platform dependent!
2014-11-22 16:09:16,537 [Worker-6] INFO  o.e.m.c.i.embedder.EclipseLogger - Copying 1 resource
2014-11-22 16:09:16,554 [Worker-6] WARN  o.e.m.c.i.embedder.EclipseLogger - Using platform encoding (Cp1252 actually) to copy filtered resources, i.e. build is platform dependent!
2014-11-22 16:09:16,555 [Worker-6] INFO  o.e.m.c.i.embedder.EclipseLogger - skip non existing resourceDirectory C:\Users\god_laptop\Documents\UndefinedParameter\QuizZing\src\test\resources
2014-11-22 16:09:37,440 [Worker-1] WARN  o.e.m.c.i.embedder.EclipseLogger - Using platform encoding (Cp1252 actually) to copy filtered resources, i.e. build is platform dependent!
2014-11-22 16:09:37,443 [Worker-1] INFO  o.e.m.c.i.embedder.EclipseLogger - Copying 1 resource
2014-11-22 16:09:37,450 [Worker-1] WARN  o.e.m.c.i.embedder.EclipseLogger - Using platform encoding (Cp1252 actually) to copy filtered resources, i.e. build is platform dependent!
2014-11-22 16:09:37,451 [Worker-1] INFO  o.e.m.c.i.embedder.EclipseLogger - skip non existing resourceDirectory C:\Users\god_laptop\Documents\UndefinedParameter\QuizZing\src\test\resources
2014-11-22 16:10:15,132 [Worker-9] WARN  o.e.m.c.i.embedder.EclipseLogger - Using platform encoding (Cp1252 actually) to copy filtered resources, i.e. build is platform dependent!
2014-11-22 16:10:15,135 [Worker-9] INFO  o.e.m.c.i.embedder.EclipseLogger - Copying 1 resource
2014-11-22 16:10:15,142 [Worker-9] WARN  o.e.m.c.i.embedder.EclipseLogger - Using platform encoding (Cp1252 actually) to copy filtered resources, i.e. build is platform dependent!
2014-11-22 16:10:15,143 [Worker-9] INFO  o.e.m.c.i.embedder.EclipseLogger - skip non existing resourceDirectory C:\Users\god_laptop\Documents\UndefinedParameter\QuizZing\src\test\resources
2014-11-22 16:10:33,449 [Worker-7] WARN  o.e.m.c.i.embedder.EclipseLogger - Using platform encoding (Cp1252 actually) to copy filtered resources, i.e. build is platform dependent!
2014-11-22 16:10:33,452 [Worker-7] INFO  o.e.m.c.i.embedder.EclipseLogger - Copying 1 resource
2014-11-22 16:10:33,461 [Worker-7] WARN  o.e.m.c.i.embedder.EclipseLogger - Using platform encoding (Cp1252 actually) to copy filtered resources, i.e. build is platform dependent!
2014-11-22 16:10:33,462 [Worker-7] INFO  o.e.m.c.i.embedder.EclipseLogger - skip non existing resourceDirectory C:\Users\god_laptop\Documents\UndefinedParameter\QuizZing\src\test\resources
2014-11-22 16:11:03,063 [Worker-12] WARN  o.e.m.c.i.embedder.EclipseLogger - Using platform encoding (Cp1252 actually) to copy filtered resources, i.e. build is platform dependent!
2014-11-22 16:11:03,066 [Worker-12] INFO  o.e.m.c.i.embedder.EclipseLogger - Copying 1 resource
2014-11-22 16:11:03,074 [Worker-12] WARN  o.e.m.c.i.embedder.EclipseLogger - Using platform encoding (Cp1252 actually) to copy filtered resources, i.e. build is platform dependent!
2014-11-22 16:11:03,075 [Worker-12] INFO  o.e.m.c.i.embedder.EclipseLogger - skip non existing resourceDirectory C:\Users\god_laptop\Documents\UndefinedParameter\QuizZing\src\test\resources
2014-11-22 16:11:05,483 [Worker-11] WARN  o.e.m.c.i.embedder.EclipseLogger - Using platform encoding (Cp1252 actually) to copy filtered resources, i.e. build is platform dependent!
2014-11-22 16:11:05,486 [Worker-11] INFO  o.e.m.c.i.embedder.EclipseLogger - Copying 1 resource
2014-11-22 16:11:05,492 [Worker-11] WARN  o.e.m.c.i.embedder.EclipseLogger - Using platform encoding (Cp1252 actually) to copy filtered resources, i.e. build is platform dependent!
2014-11-22 16:11:05,494 [Worker-11] INFO  o.e.m.c.i.embedder.EclipseLogger - skip non existing resourceDirectory C:\Users\god_laptop\Documents\UndefinedParameter\QuizZing\src\test\resources
2014-11-22 16:30:34,468 [Worker-20] WARN  o.e.m.c.i.embedder.EclipseLogger - Using platform encoding (Cp1252 actually) to copy filtered resources, i.e. build is platform dependent!
2014-11-22 16:30:34,477 [Worker-20] INFO  o.e.m.c.i.embedder.EclipseLogger - Copying 8 resources
2014-11-22 16:30:34,485 [Worker-20] WARN  o.e.m.c.i.embedder.EclipseLogger - Using platform encoding (Cp1252 actually) to copy filtered resources, i.e. build is platform dependent!
2014-11-22 16:30:34,487 [Worker-20] INFO  o.e.m.c.i.embedder.EclipseLogger - skip non existing resourceDirectory C:\Users\god_laptop\Documents\UndefinedParameter\QuizZing\src\test\resources
2014-11-22 16:32:26,508 [Worker-14] WARN  o.e.m.c.i.embedder.EclipseLogger - Using platform encoding (Cp1252 actually) to copy filtered resources, i.e. build is platform dependent!
2014-11-22 16:32:26,516 [Worker-14] INFO  o.e.m.c.i.embedder.EclipseLogger - Copying 8 resources
2014-11-22 16:32:26,522 [Worker-14] WARN  o.e.m.c.i.embedder.EclipseLogger - Using platform encoding (Cp1252 actually) to copy filtered resources, i.e. build is platform dependent!
2014-11-22 16:32:26,523 [Worker-14] INFO  o.e.m.c.i.embedder.EclipseLogger - skip non existing resourceDirectory C:\Users\god_laptop\Documents\UndefinedParameter\QuizZing\src\test\resources
2014-11-22 16:33:42,099 [Worker-17] WARN  o.e.m.c.i.embedder.EclipseLogger - Using platform encoding (Cp1252 actually) to copy filtered resources, i.e. build is platform dependent!
2014-11-22 16:33:42,108 [Worker-17] INFO  o.e.m.c.i.embedder.EclipseLogger - Copying 8 resources
2014-11-22 16:33:42,115 [Worker-17] WARN  o.e.m.c.i.embedder.EclipseLogger - Using platform encoding (Cp1252 actually) to copy filtered resources, i.e. build is platform dependent!
2014-11-22 16:33:42,117 [Worker-17] INFO  o.e.m.c.i.embedder.EclipseLogger - skip non existing resourceDirectory C:\Users\god_laptop\Documents\UndefinedParameter\QuizZing\src\test\resources
